<?xml version="1.0" encoding="UTF-8"?>
<coverage generated="1748698143966" clover="3.2.0">
  <project timestamp="1748698143966" name="All files">
    <metrics statements="28" coveredstatements="26" conditionals="19" coveredconditionals="17" methods="4" coveredmethods="3" elements="51" coveredelements="46" complexity="0" loc="28" ncloc="28" packages="1" files="1" classes="1"/>
    <file name="PackagesManagementPage.tsx" path="/Users/avifrid/food-vision-form-new/src/pages/admin/PackagesManagementPage.tsx">
      <metrics statements="28" coveredstatements="26" conditionals="19" coveredconditionals="17" methods="4" coveredmethods="3"/>
      <line num="1" count="1" type="stmt"/>
      <line num="3" count="1" type="stmt"/>
      <line num="4" count="1" type="stmt"/>
      <line num="5" count="1" type="stmt"/>
      <line num="6" count="1" type="stmt"/>
      <line num="7" count="1" type="stmt"/>
      <line num="8" count="1" type="stmt"/>
      <line num="10" count="1" type="stmt"/>
      <line num="11" count="9" type="stmt"/>
      <line num="12" count="9" type="stmt"/>
      <line num="13" count="9" type="stmt"/>
      <line num="15" count="9" type="stmt"/>
      <line num="17" count="9" type="stmt"/>
      <line num="18" count="1" type="stmt"/>
      <line num="21" count="9" type="stmt"/>
      <line num="22" count="1" type="stmt"/>
      <line num="25" count="9" type="stmt"/>
      <line num="26" count="0" type="stmt"/>
      <line num="27" count="0" type="stmt"/>
      <line num="30" count="9" type="cond" truecount="1" falsecount="0"/>
      <line num="31" count="1" type="stmt"/>
      <line num="34" count="8" type="cond" truecount="1" falsecount="0"/>
      <line num="35" count="1" type="stmt"/>
      <line num="36" count="1" type="stmt"/>
      <line num="52" count="7" type="cond" truecount="3" falsecount="0"/>
      <line num="53" count="3" type="stmt"/>
      <line num="76" count="4" type="stmt"/>
      <line num="98" count="1" type="stmt"/>
    </file>
  </project>
</coverage>
