{"/Users/avifrid/food-vision-form-new/src/pages/admin/PackagesManagementPage.tsx": {"path":"/Users/avifrid/food-vision-form-new/src/pages/admin/PackagesManagementPage.tsx","statementMap":{"0":{"start":{"line":1,"column":0},"end":{"line":1,"column":40}},"1":{"start":{"line":3,"column":0},"end":{"line":3,"column":83}},"2":{"start":{"line":4,"column":0},"end":{"line":4,"column":81}},"3":{"start":{"line":5,"column":0},"end":{"line":5,"column":95}},"4":{"start":{"line":6,"column":0},"end":{"line":6,"column":78}},"5":{"start":{"line":7,"column":0},"end":{"line":7,"column":50}},"6":{"start":{"line":8,"column":0},"end":{"line":8,"column":51}},"7":{"start":{"line":10,"column":41},"end":{"line":96,"column":1}},"8":{"start":{"line":11,"column":2},"end":{"line":11,"column":99}},"9":{"start":{"line":12,"column":48},"end":{"line":12,"column":63}},"10":{"start":{"line":13,"column":40},"end":{"line":13,"column":70}},"11":{"start":{"line":15,"column":50},"end":{"line":15,"column":63}},"12":{"start":{"line":17,"column":25},"end":{"line":19,"column":3}},"13":{"start":{"line":18,"column":4},"end":{"line":18,"column":29}},"14":{"start":{"line":21,"column":26},"end":{"line":23,"column":3}},"15":{"start":{"line":22,"column":4},"end":{"line":22,"column":24}},"16":{"start":{"line":25,"column":28},"end":{"line":28,"column":3}},"17":{"start":{"line":26,"column":4},"end":{"line":26,"column":30}},"18":{"start":{"line":27,"column":4},"end":{"line":27,"column":25}},"19":{"start":{"line":30,"column":2},"end":{"line":32,"column":3}},"20":{"start":{"line":31,"column":4},"end":{"line":31,"column":36}},"21":{"start":{"line":34,"column":2},"end":{"line":50,"column":3}},"22":{"start":{"line":35,"column":4},"end":{"line":35,"column":52}},"23":{"start":{"line":36,"column":4},"end":{"line":49,"column":6}},"24":{"start":{"line":52,"column":2},"end":{"line":74,"column":3}},"25":{"start":{"line":53,"column":4},"end":{"line":73,"column":6}},"26":{"start":{"line":76,"column":2},"end":{"line":95,"column":4}},"27":{"start":{"line":98,"column":0},"end":{"line":98,"column":38}}},"fnMap":{"0":{"name":"(anonymous_1)","decl":{"start":{"line":10,"column":41},"end":{"line":10,"column":44}},"loc":{"start":{"line":10,"column":46},"end":{"line":96,"column":1}}},"1":{"name":"(anonymous_2)","decl":{"start":{"line":17,"column":25},"end":{"line":17,"column":28}},"loc":{"start":{"line":17,"column":30},"end":{"line":19,"column":3}}},"2":{"name":"(anonymous_3)","decl":{"start":{"line":21,"column":26},"end":{"line":21,"column":27}},"loc":{"start":{"line":21,"column":43},"end":{"line":23,"column":3}}},"3":{"name":"(anonymous_4)","decl":{"start":{"line":25,"column":28},"end":{"line":25,"column":31}},"loc":{"start":{"line":25,"column":33},"end":{"line":28,"column":3}}}},"branchMap":{"0":{"loc":{"start":{"line":30,"column":2},"end":{"line":32,"column":3}},"type":"if","locations":[{"start":{"line":30,"column":2},"end":{"line":32,"column":3}}]},"1":{"loc":{"start":{"line":34,"column":2},"end":{"line":50,"column":3}},"type":"if","locations":[{"start":{"line":34,"column":2},"end":{"line":50,"column":3}}]},"2":{"loc":{"start":{"line":43,"column":9},"end":{"line":46,"column":null}},"type":"binary-expr","locations":[{"start":{"line":43,"column":9},"end":{"line":43,"column":14}},{"start":{"line":44,"column":10},"end":{"line":45,"column":null}}]},"3":{"loc":{"start":{"line":45,"column":28},"end":{"line":45,"column":82}},"type":"cond-expr","locations":[{"start":{"line":45,"column":53},"end":{"line":45,"column":66}},{"start":{"line":45,"column":69},"end":{"line":45,"column":82}}]},"4":{"loc":{"start":{"line":52,"column":2},"end":{"line":74,"column":3}},"type":"if","locations":[{"start":{"line":52,"column":2},"end":{"line":74,"column":3}}]},"5":{"loc":{"start":{"line":52,"column":6},"end":{"line":52,"column":40}},"type":"binary-expr","locations":[{"start":{"line":52,"column":6},"end":{"line":52,"column":15}},{"start":{"line":52,"column":19},"end":{"line":52,"column":40}}]},"6":{"loc":{"start":{"line":64,"column":11},"end":{"line":69,"column":null}},"type":"binary-expr","locations":[{"start":{"line":64,"column":12},"end":{"line":64,"column":27}},{"start":{"line":64,"column":31},"end":{"line":64,"column":42}},{"start":{"line":65,"column":12},"end":{"line":68,"column":null}}]},"7":{"loc":{"start":{"line":66,"column":20},"end":{"line":66,"column":52}},"type":"binary-expr","locations":[{"start":{"line":66,"column":20},"end":{"line":66,"column":35}},{"start":{"line":66,"column":39},"end":{"line":66,"column":52}}]},"8":{"loc":{"start":{"line":86,"column":9},"end":{"line":91,"column":null}},"type":"binary-expr","locations":[{"start":{"line":86,"column":10},"end":{"line":86,"column":25}},{"start":{"line":86,"column":29},"end":{"line":86,"column":40}},{"start":{"line":87,"column":10},"end":{"line":90,"column":null}}]},"9":{"loc":{"start":{"line":88,"column":18},"end":{"line":88,"column":50}},"type":"binary-expr","locations":[{"start":{"line":88,"column":18},"end":{"line":88,"column":33}},{"start":{"line":88,"column":37},"end":{"line":88,"column":50}}]}},"s":{"0":1,"1":1,"2":1,"3":1,"4":1,"5":1,"6":1,"7":1,"8":9,"9":9,"10":9,"11":9,"12":9,"13":1,"14":9,"15":1,"16":9,"17":0,"18":0,"19":9,"20":1,"21":8,"22":1,"23":1,"24":7,"25":3,"26":4,"27":1},"f":{"0":9,"1":1,"2":1,"3":0},"b":{"0":[1],"1":[1],"2":[1,1],"3":[1,0],"4":[3],"5":[7,7],"6":[3,2,1],"7":[1,0],"8":[4,4,1],"9":[1,1]}}
}
