TN:
SF:src/pages/admin/PackagesManagementPage.tsx
FN:10,(anonymous_1)
FN:17,(anonymous_2)
FN:21,(anonymous_3)
FN:25,(anonymous_4)
FNF:4
FNH:3
FNDA:9,(anonymous_1)
FNDA:1,(anonymous_2)
FNDA:1,(anonymous_3)
FNDA:0,(anonymous_4)
DA:1,1
DA:3,1
DA:4,1
DA:5,1
DA:6,1
DA:7,1
DA:8,1
DA:10,1
DA:11,9
DA:12,9
DA:13,9
DA:15,9
DA:17,9
DA:18,1
DA:21,9
DA:22,1
DA:25,9
DA:26,0
DA:27,0
DA:30,9
DA:31,1
DA:34,8
DA:35,1
DA:36,1
DA:52,7
DA:53,3
DA:76,4
DA:98,1
LF:28
LH:26
BRDA:30,0,0,1
BRDA:34,1,0,1
BRDA:43,2,0,1
BRDA:43,2,1,1
BRDA:45,3,0,1
BRDA:45,3,1,0
BRDA:52,4,0,3
BRDA:52,5,0,7
BRDA:52,5,1,7
BRDA:64,6,0,3
BRDA:64,6,1,2
BRDA:64,6,2,1
BRDA:66,7,0,1
BRDA:66,7,1,0
BRDA:86,8,0,4
BRDA:86,8,1,4
BRDA:86,8,2,1
BRDA:88,9,0,1
BRDA:88,9,1,1
BRF:19
BRH:17
end_of_record
